============================================================
DECOMPILATION LOG: lib/modules/intellij.javascript.featuresTrainer.jar
============================================================

Timestamp: 2026-05-27 16:59:19
Input Path: /home/ubuntu/.local/share/JetBrains/Toolbox/apps/webstorm/plugins/javascript-plugin
Relative Path: lib/modules/intellij.javascript.featuresTrainer.jar
Status: SUCCESS
Return Code: 0

------------------------------------------------------------
STDOUT:
------------------------------------------------------------
INFO:  Loaded 0 plugins
INFO:  JVM info: Oracle Corporation - 21.0.2 - 21.0.2+13-58
INFO:  Scanning classes from Java runtime current
INFO:  Scanning classes from module java.base@21.0.2
INFO:  Scanning classes from module java.compiler@21.0.2
INFO:  Scanning classes from module java.datatransfer@21.0.2
INFO:  Scanning classes from module java.desktop@21.0.2
INFO:  Scanning classes from module java.instrument@21.0.2
INFO:  Scanning classes from module java.logging@21.0.2
INFO:  Scanning classes from module java.management@21.0.2
INFO:  Scanning classes from module java.management.rmi@21.0.2
INFO:  Scanning classes from module java.naming@21.0.2
INFO:  Scanning classes from module java.net.http@21.0.2
INFO:  Scanning classes from module java.prefs@21.0.2
INFO:  Scanning classes from module java.rmi@21.0.2
INFO:  Scanning classes from module java.scripting@21.0.2
INFO:  Scanning classes from module java.se@21.0.2
INFO:  Scanning classes from module java.security.jgss@21.0.2
INFO:  Scanning classes from module java.security.sasl@21.0.2
INFO:  Scanning classes from module java.smartcardio@21.0.2
INFO:  Scanning classes from module java.sql@21.0.2
INFO:  Scanning classes from module java.sql.rowset@21.0.2
INFO:  Scanning classes from module java.transaction.xa@21.0.2
INFO:  Scanning classes from module java.xml@21.0.2
INFO:  Scanning classes from module java.xml.crypto@21.0.2
INFO:  Scanning classes from module jdk.accessibility@21.0.2
INFO:  Scanning classes from module jdk.attach@21.0.2
INFO:  Scanning classes from module jdk.charsets@21.0.2
INFO:  Scanning classes from module jdk.compiler@21.0.2
INFO:  Scanning classes from module jdk.crypto.cryptoki@21.0.2
INFO:  Scanning classes from module jdk.crypto.ec@21.0.2
INFO:  Scanning classes from module jdk.dynalink@21.0.2
INFO:  Scanning classes from module jdk.editpad@21.0.2
INFO:  Scanning classes from module jdk.hotspot.agent@21.0.2
INFO:  Scanning classes from module jdk.httpserver@21.0.2
INFO:  Scanning classes from module jdk.incubator.vector@21.0.2
INFO:  Scanning classes from module jdk.internal.ed@21.0.2
INFO:  Scanning classes from module jdk.internal.jvmstat@21.0.2
INFO:  Scanning classes from module jdk.internal.le@21.0.2
INFO:  Scanning classes from module jdk.internal.opt@21.0.2
INFO:  Scanning classes from module jdk.internal.vm.ci@21.0.2
INFO:  Scanning classes from module jdk.internal.vm.compiler@21.0.2
INFO:  Scanning classes from module jdk.internal.vm.compiler.management@21.0.2
INFO:  Scanning classes from module jdk.jartool@21.0.2
INFO:  Scanning classes from module jdk.javadoc@21.0.2
INFO:  Scanning classes from module jdk.jcmd@21.0.2
INFO:  Scanning classes from module jdk.jconsole@21.0.2
INFO:  Scanning classes from module jdk.jdeps@21.0.2
INFO:  Scanning classes from module jdk.jdi@21.0.2
INFO:  Scanning classes from module jdk.jdwp.agent@21.0.2
INFO:  Scanning classes from module jdk.jfr@21.0.2
INFO:  Scanning classes from module jdk.jlink@21.0.2
INFO:  Scanning classes from module jdk.jpackage@21.0.2
INFO:  Scanning classes from module jdk.jshell@21.0.2
INFO:  Scanning classes from module jdk.jsobject@21.0.2
INFO:  Scanning classes from module jdk.jstatd@21.0.2
INFO:  Scanning classes from module jdk.localedata@21.0.2
INFO:  Scanning classes from module jdk.management@21.0.2
INFO:  Scanning classes from module jdk.management.agent@21.0.2
INFO:  Scanning classes from module jdk.management.jfr@21.0.2
INFO:  Scanning classes from module jdk.naming.dns@21.0.2
INFO:  Scanning classes from module jdk.naming.rmi@21.0.2
INFO:  Scanning classes from module jdk.net@21.0.2
INFO:  Scanning classes from module jdk.nio.mapmode@21.0.2
INFO:  Scanning classes from module jdk.random@21.0.2
INFO:  Scanning classes from module jdk.sctp@21.0.2
INFO:  Scanning classes from module jdk.security.auth@21.0.2
INFO:  Scanning classes from module jdk.security.jgss@21.0.2
INFO:  Scanning classes from module jdk.unsupported@21.0.2
INFO:  Scanning classes from module jdk.unsupported.desktop@21.0.2
INFO:  Scanning classes from module jdk.xml.dom@21.0.2
INFO:  Scanning classes from module jdk.zipfs@21.0.2
INFO:  Scanning classes from archive /home/ubuntu/.local/share/JetBrains/Toolbox/apps/webstorm/plugins/javascript-plugin/lib/modules/intellij.javascript.featuresTrainer.jar
INFO:  Loading Class: com/intellij/javascript/ifs/JavaScriptSuggesterSupport$getCodeBlock$$inlined$descendantsOfType$default$1 from archive /home/ubuntu/.local/share/JetBrains/Toolbox/apps/webstorm/plugins/javascript-plugin/lib/modules/intellij.javascript.featuresTrainer.jar
INFO:  Loading Class: com/intellij/javascript/ifs/JavaScriptSuggesterSupport from archive /home/ubuntu/.local/share/JetBrains/Toolbox/apps/webstorm/plugins/javascript-plugin/lib/modules/intellij.javascript.featuresTrainer.jar
INFO:  Loading Class: com/intellij/javascript/ift/JavaScriptLangSupport$Companion from archive /home/ubuntu/.local/share/JetBrains/Toolbox/apps/webstorm/plugins/javascript-plugin/lib/modules/intellij.javascript.featuresTrainer.jar
INFO:  Loading Class: com/intellij/javascript/ift/JavaScriptLangSupport$readMeCreator$1 from archive /home/ubuntu/.local/share/JetBrains/Toolbox/apps/webstorm/plugins/javascript-plugin/lib/modules/intellij.javascript.featuresTrainer.jar
INFO:  Loading Class: com/intellij/javascript/ift/JavaScriptLangSupport from archive /home/ubuntu/.local/share/JetBrains/Toolbox/apps/webstorm/plugins/javascript-plugin/lib/modules/intellij.javascript.featuresTrainer.jar
INFO:  Loading Class: com/intellij/javascript/ift/JavaScriptMainLearningCourse from archive /home/ubuntu/.local/share/JetBrains/Toolbox/apps/webstorm/plugins/javascript-plugin/lib/modules/intellij.javascript.featuresTrainer.jar
INFO:  Loading Class: com/intellij/javascript/ift/JavaScriptOnboardingTipsDocumentationProvider from archive /home/ubuntu/.local/share/JetBrains/Toolbox/apps/webstorm/plugins/javascript-plugin/lib/modules/intellij.javascript.featuresTrainer.jar
INFO:  Loading Class: com/intellij/javascript/ift/JsLessonsBundle from archive /home/ubuntu/.local/share/JetBrains/Toolbox/apps/webstorm/plugins/javascript-plugin/lib/modules/intellij.javascript.featuresTrainer.jar
INFO:  Loading Class: com/intellij/javascript/ift/JsLessonsBundleKt from archive /home/ubuntu/.local/share/JetBrains/Toolbox/apps/webstorm/plugins/javascript-plugin/lib/modules/intellij.javascript.featuresTrainer.jar
INFO:  Loading Class: com/intellij/javascript/ift/lesson/JSLessonUtilsKt from archive /home/ubuntu/.local/share/JetBrains/Toolbox/apps/webstorm/plugins/javascript-plugin/lib/modules/intellij.javascript.featuresTrainer.jar
INFO:  Loading Class: com/intellij/javascript/ift/lesson/editor/BasicCompletionLesson from archive /home/ubuntu/.local/share/JetBrains/Toolbox/apps/webstorm/plugins/javascript-plugin/lib/modules/intellij.javascript.featuresTrainer.jar
INFO:  Loading Class: com/intellij/javascript/ift/lesson/editor/CodeEditingLesson from archive /home/ubuntu/.local/share/JetBrains/Toolbox/apps/webstorm/plugins/javascript-plugin/lib/modules/intellij.javascript.featuresTrainer.jar
INFO:  Loading Class: com/intellij/javascript/ift/lesson/editor/CodeInspectionLesson from archive /home/ubuntu/.local/share/JetBrains/Toolbox/apps/webstorm/plugins/javascript-plugin/lib/modules/intellij.javascript.featuresTrainer.jar
INFO:  Loading Class: com/intellij/javascript/ift/lesson/editor/NavigationLesson from archive /home/ubuntu/.local/share/JetBrains/Toolbox/apps/webstorm/plugins/javascript-plugin/lib/modules/intellij.javascript.featuresTrainer.jar
INFO:  Loading Class: com/intellij/javascript/ift/lesson/editor/RefactoringLesson from archive /home/ubuntu/.local/share/JetBrains/Toolbox/apps/webstorm/plugins/javascript-plugin/lib/modules/intellij.javascript.featuresTrainer.jar
INFO:  Loading Class: com/intellij/javascript/ift/lesson/testing/JestLesson from archive /home/ubuntu/.local/share/JetBrains/Toolbox/apps/webstorm/plugins/javascript-plugin/lib/modules/intellij.javascript.featuresTrainer.jar
INFO:  Preprocessing class com/intellij/javascript/ifs/JavaScriptSuggesterSupport$getCodeBlock$$inlined$descendantsOfType$default$1
INFO:  Preprocessing class com/intellij/javascript/ifs/JavaScriptSuggesterSupport
INFO:  Preprocessing class com/intellij/javascript/ift/JavaScriptLangSupport
INFO:     Loading Class: java/lang/Object from module java.base@21.0.2
INFO:  Preprocessing class com/intellij/javascript/ift/JavaScriptMainLearningCourse
INFO:  Preprocessing class com/intellij/javascript/ift/JavaScriptOnboardingTipsDocumentationProvider
INFO:  Preprocessing class com/intellij/javascript/ift/JsLessonsBundle
INFO:  Preprocessing class com/intellij/javascript/ift/JsLessonsBundleKt
INFO:  Preprocessing class com/intellij/javascript/ift/lesson/JSLessonUtilsKt
INFO:  Preprocessing class com/intellij/javascript/ift/lesson/editor/BasicCompletionLesson
INFO:  Preprocessing class com/intellij/javascript/ift/lesson/editor/CodeEditingLesson
INFO:  Preprocessing class com/intellij/javascript/ift/lesson/editor/CodeInspectionLesson
INFO:  Preprocessing class com/intellij/javascript/ift/lesson/editor/NavigationLesson
INFO:  Preprocessing class com/intellij/javascript/ift/lesson/editor/RefactoringLesson
INFO:  Preprocessing class com/intellij/javascript/ift/lesson/testing/JestLesson
INFO:  ... done
INFO:  ... done
INFO:  ... done
INFO:  ... done
INFO:  ... done
INFO:  ... done
INFO:           Loading Class: javax/swing/tree/DefaultMutableTreeNode from module java.desktop@21.0.2
INFO:           Loading Class: java/lang/Cloneable from module java.base@21.0.2
INFO:           Loading Class: javax/swing/tree/MutableTreeNode from module java.desktop@21.0.2
INFO:           Loading Class: javax/swing/tree/TreeNode from module java.desktop@21.0.2
INFO:           Loading Class: java/io/Serializable from module java.base@21.0.2
INFO:  ... done
INFO:           Loading Class: java/lang/String from module java.base@21.0.2
INFO:  ... done
INFO:  ... done
INFO:           Loading Class: java/lang/Comparable from module java.base@21.0.2
INFO:           Loading Class: java/lang/CharSequence from module java.base@21.0.2
INFO:           Loading Class: java/lang/constant/Constable from module java.base@21.0.2
INFO:           Loading Class: java/lang/constant/ConstantDesc from module java.base@21.0.2
INFO:           Loading Class: javax/swing/Icon from module java.desktop@21.0.2
INFO:  ... done
INFO:  ... done
INFO:  ... done
INFO:  ... done
INFO:  ... done
INFO:  Decompiling class com/intellij/javascript/ifs/JavaScriptSuggesterSupport$getCodeBlock$$inlined$descendantsOfType$default$1
INFO:  Decompiling class com/intellij/javascript/ifs/JavaScriptSuggesterSupport
INFO:  Decompiling class com/intellij/javascript/ift/JavaScriptMainLearningCourse
INFO:  Decompiling class com/intellij/javascript/ift/JsLessonsBundleKt
INFO:  Decompiling class com/intellij/javascript/ift/JsLessonsBundle
INFO:  Decompiling class com/intellij/javascript/ift/JavaScriptLangSupport
INFO:  Decompiling class com/intellij/javascript/ift/JavaScriptOnboardingTipsDocumentationProvider
INFO:  Decompiling class com/intellij/javascript/ift/lesson/JSLessonUtilsKt
INFO:  Decompiling class com/intellij/javascript/ift/lesson/editor/BasicCompletionLesson
INFO:  Decompiling class com/intellij/javascript/ift/lesson/editor/CodeInspectionLesson
INFO:  Decompiling class com/intellij/javascript/ift/lesson/editor/CodeEditingLesson
INFO:  Decompiling class com/intellij/javascript/ift/lesson/editor/NavigationLesson
INFO:  Decompiling class com/intellij/javascript/ift/lesson/testing/JestLesson
INFO:  Decompiling class com/intellij/javascript/ift/lesson/editor/RefactoringLesson
INFO:        Loading Class: java/util/Arrays from module java.base@21.0.2
INFO:        Loading Class: java/lang/Boolean from module java.base@21.0.2
INFO:        Loading Class: javax/swing/ListModel from module java.desktop@21.0.2
INFO:  ... done
INFO:  ... done
INFO:  ... done
INFO:  ... done
INFO:        Loading Class: java/awt/Component from module java.desktop@21.0.2
INFO:  ... done
INFO:  ... done
INFO:        Loading Class: java/awt/image/ImageObserver from module java.desktop@21.0.2
INFO:        Loading Class: java/awt/MenuContainer from module java.desktop@21.0.2
INFO:  ... done
INFO:  ... done
INFO:  ... done
INFO:  ... done
INFO:  ... done
INFO:  ... done
INFO:  ... done
INFO:  ... done


============================================================
